<?xml version="1.0" encoding="UTF-8"?>
<!-- Generated by org.testng.reporters.JUnitXMLReporter -->
<testsuite hostname="TRAINING04" name="Default test" tests="24" failures="0" timestamp="26 Aug 2014 09:05:45 GMT" time="0.091" errors="0">
  <testcase name="ASCIIToCharTest" time="0.033" classname="com.mkyong.testng.examples.parameter.CharUtilsTest"/>
  <testcase name="ASCIIToCharTest" time="0.001" classname="com.mkyong.testng.examples.parameter.CharUtilsTest"/>
  <testcase name="ASCIIToCharTest" time="0.001" classname="com.mkyong.testng.examples.parameter.CharUtilsTest"/>
  <testcase name="ASCIIToCharTest" time="0.001" classname="com.mkyong.testng.examples.parameter.CharUtilsTest"/>
  <testcase name="ASCIIToCharTest" time="0.001" classname="com.mkyong.testng.examples.parameter.CharUtilsTest"/>
  <testcase name="ASCIIToCharTest" time="0.001" classname="com.mkyong.testng.examples.parameter.CharUtilsTest"/>
  <testcase name="ASCIIToCharTest" time="0.001" classname="com.mkyong.testng.examples.parameter.CharUtilsTest"/>
  <testcase name="ASCIIToCharTest" time="0.001" classname="com.mkyong.testng.examples.parameter.CharUtilsTest"/>
  <testcase name="ASCIIToCharTest" time="0.001" classname="com.mkyong.testng.examples.parameter.CharUtilsTest"/>
  <testcase name="ASCIIToCharTest" time="0.0" classname="com.mkyong.testng.examples.parameter.CharUtilsTest"/>
  <testcase name="ASCIIToCharTest" time="0.0" classname="com.mkyong.testng.examples.parameter.CharUtilsTest"/>
  <testcase name="ASCIIToCharTest" time="0.004" classname="com.mkyong.testng.examples.parameter.CharUtilsTest"/>
  <testcase name="CharToASCIITest" time="0.0" classname="com.mkyong.testng.examples.parameter.CharUtilsTest"/>
  <testcase name="CharToASCIITest" time="0.002" classname="com.mkyong.testng.examples.parameter.CharUtilsTest"/>
  <testcase name="CharToASCIITest" time="0.001" classname="com.mkyong.testng.examples.parameter.CharUtilsTest"/>
  <testcase name="CharToASCIITest" time="0.001" classname="com.mkyong.testng.examples.parameter.CharUtilsTest"/>
  <testcase name="CharToASCIITest" time="0.0" classname="com.mkyong.testng.examples.parameter.CharUtilsTest"/>
  <testcase name="CharToASCIITest" time="0.001" classname="com.mkyong.testng.examples.parameter.CharUtilsTest"/>
  <testcase name="CharToASCIITest" time="0.001" classname="com.mkyong.testng.examples.parameter.CharUtilsTest"/>
  <testcase name="CharToASCIITest" time="0.001" classname="com.mkyong.testng.examples.parameter.CharUtilsTest"/>
  <testcase name="CharToASCIITest" time="0.001" classname="com.mkyong.testng.examples.parameter.CharUtilsTest"/>
  <testcase name="CharToASCIITest" time="0.001" classname="com.mkyong.testng.examples.parameter.CharUtilsTest"/>
  <testcase name="CharToASCIITest" time="0.002" classname="com.mkyong.testng.examples.parameter.CharUtilsTest"/>
  <testcase name="CharToASCIITest" time="0.0" classname="com.mkyong.testng.examples.parameter.CharUtilsTest"/>
</testsuite> <!-- Default test -->
