<?xml version="1.0" encoding="UTF-8" ?>
<testsuite errors="0" failures="0" hostname="TRAINING04" name="antjunit.AllTests" skipped="0" tests="2" time="25.228" timestamp="2014-09-10T05:31:23">
  <properties>
[...]
</properties>
  <testcase classname="antjunit.Gmail" name="test" time="11.059" />
  <testcase classname="antjunit.Yahoo" name="test1" time="13.987" />
  <system-out><![CDATA[Gmail
Yahoo India
]]></system-out>
  <system-err><![CDATA[log4j:WARN No appenders could be found for logger (org.apache.http.client.protocol.RequestAddCookies).
log4j:WARN Please initialize the log4j system properly.
log4j:WARN See http://logging.apache.org/log4j/1.2/faq.html#noconfig for more info.
]]></system-err>
</testsuite>
