<?xml version="1.0" encoding="UTF-8"?>
<testng-results skipped="0" failed="0" total="24" passed="24">
  <reporter-output>
  </reporter-output>
  <suite name="Default suite" duration-ms="91" started-at="2014-08-26T09:05:44Z" finished-at="2014-08-26T09:05:44Z">
    <groups>
    </groups>
    <test name="Default test" duration-ms="91" started-at="2014-08-26T09:05:44Z" finished-at="2014-08-26T09:05:44Z">
      <class name="com.mkyong.testng.examples.parameter.CharUtilsTest">
        <test-method status="PASS" signature="ASCIIToCharTest(char, int)[pri:0, instance:com.mkyong.testng.examples.parameter.CharUtilsTest@19a8c41]" name="ASCIIToCharTest" duration-ms="33" started-at="2014-08-26T14:35:44Z" data-provider="ValidDataProvider" finished-at="2014-08-26T14:35:44Z">
          <params>
            <param index="0">
              <value>
                <![CDATA[A]]>
              </value>
            </param>
            <param index="1">
              <value>
                <![CDATA[65]]>
              </value>
            </param>
          </params>
          <reporter-output>
          </reporter-output>
        </test-method> <!-- ASCIIToCharTest -->
        <test-method status="PASS" signature="ASCIIToCharTest(char, int)[pri:0, instance:com.mkyong.testng.examples.parameter.CharUtilsTest@19a8c41]" name="ASCIIToCharTest" duration-ms="1" started-at="2014-08-26T14:35:44Z" data-provider="ValidDataProvider" finished-at="2014-08-26T14:35:44Z">
          <params>
            <param index="0">
              <value>
                <![CDATA[a]]>
              </value>
            </param>
            <param index="1">
              <value>
                <![CDATA[97]]>
              </value>
            </param>
          </params>
          <reporter-output>
          </reporter-output>
        </test-method> <!-- ASCIIToCharTest -->
        <test-method status="PASS" signature="ASCIIToCharTest(char, int)[pri:0, instance:com.mkyong.testng.examples.parameter.CharUtilsTest@19a8c41]" name="ASCIIToCharTest" duration-ms="1" started-at="2014-08-26T14:35:44Z" data-provider="ValidDataProvider" finished-at="2014-08-26T14:35:44Z">
          <params>
            <param index="0">
              <value>
                <![CDATA[B]]>
              </value>
            </param>
            <param index="1">
              <value>
                <![CDATA[66]]>
              </value>
            </param>
          </params>
          <reporter-output>
          </reporter-output>
        </test-method> <!-- ASCIIToCharTest -->
        <test-method status="PASS" signature="ASCIIToCharTest(char, int)[pri:0, instance:com.mkyong.testng.examples.parameter.CharUtilsTest@19a8c41]" name="ASCIIToCharTest" duration-ms="1" started-at="2014-08-26T14:35:44Z" data-provider="ValidDataProvider" finished-at="2014-08-26T14:35:44Z">
          <params>
            <param index="0">
              <value>
                <![CDATA[b]]>
              </value>
            </param>
            <param index="1">
              <value>
                <![CDATA[98]]>
              </value>
            </param>
          </params>
          <reporter-output>
          </reporter-output>
        </test-method> <!-- ASCIIToCharTest -->
        <test-method status="PASS" signature="ASCIIToCharTest(char, int)[pri:0, instance:com.mkyong.testng.examples.parameter.CharUtilsTest@19a8c41]" name="ASCIIToCharTest" duration-ms="1" started-at="2014-08-26T14:35:44Z" data-provider="ValidDataProvider" finished-at="2014-08-26T14:35:44Z">
          <params>
            <param index="0">
              <value>
                <![CDATA[C]]>
              </value>
            </param>
            <param index="1">
              <value>
                <![CDATA[67]]>
              </value>
            </param>
          </params>
          <reporter-output>
          </reporter-output>
        </test-method> <!-- ASCIIToCharTest -->
        <test-method status="PASS" signature="ASCIIToCharTest(char, int)[pri:0, instance:com.mkyong.testng.examples.parameter.CharUtilsTest@19a8c41]" name="ASCIIToCharTest" duration-ms="1" started-at="2014-08-26T14:35:44Z" data-provider="ValidDataProvider" finished-at="2014-08-26T14:35:44Z">
          <params>
            <param index="0">
              <value>
                <![CDATA[c]]>
              </value>
            </param>
            <param index="1">
              <value>
                <![CDATA[99]]>
              </value>
            </param>
          </params>
          <reporter-output>
          </reporter-output>
        </test-method> <!-- ASCIIToCharTest -->
        <test-method status="PASS" signature="ASCIIToCharTest(char, int)[pri:0, instance:com.mkyong.testng.examples.parameter.CharUtilsTest@19a8c41]" name="ASCIIToCharTest" duration-ms="1" started-at="2014-08-26T14:35:44Z" data-provider="ValidDataProvider" finished-at="2014-08-26T14:35:44Z">
          <params>
            <param index="0">
              <value>
                <![CDATA[D]]>
              </value>
            </param>
            <param index="1">
              <value>
                <![CDATA[68]]>
              </value>
            </param>
          </params>
          <reporter-output>
          </reporter-output>
        </test-method> <!-- ASCIIToCharTest -->
        <test-method status="PASS" signature="ASCIIToCharTest(char, int)[pri:0, instance:com.mkyong.testng.examples.parameter.CharUtilsTest@19a8c41]" name="ASCIIToCharTest" duration-ms="1" started-at="2014-08-26T14:35:44Z" data-provider="ValidDataProvider" finished-at="2014-08-26T14:35:44Z">
          <params>
            <param index="0">
              <value>
                <![CDATA[d]]>
              </value>
            </param>
            <param index="1">
              <value>
                <![CDATA[100]]>
              </value>
            </param>
          </params>
          <reporter-output>
          </reporter-output>
        </test-method> <!-- ASCIIToCharTest -->
        <test-method status="PASS" signature="ASCIIToCharTest(char, int)[pri:0, instance:com.mkyong.testng.examples.parameter.CharUtilsTest@19a8c41]" name="ASCIIToCharTest" duration-ms="1" started-at="2014-08-26T14:35:44Z" data-provider="ValidDataProvider" finished-at="2014-08-26T14:35:44Z">
          <params>
            <param index="0">
              <value>
                <![CDATA[Z]]>
              </value>
            </param>
            <param index="1">
              <value>
                <![CDATA[90]]>
              </value>
            </param>
          </params>
          <reporter-output>
          </reporter-output>
        </test-method> <!-- ASCIIToCharTest -->
        <test-method status="PASS" signature="ASCIIToCharTest(char, int)[pri:0, instance:com.mkyong.testng.examples.parameter.CharUtilsTest@19a8c41]" name="ASCIIToCharTest" duration-ms="0" started-at="2014-08-26T14:35:44Z" data-provider="ValidDataProvider" finished-at="2014-08-26T14:35:44Z">
          <params>
            <param index="0">
              <value>
                <![CDATA[z]]>
              </value>
            </param>
            <param index="1">
              <value>
                <![CDATA[122]]>
              </value>
            </param>
          </params>
          <reporter-output>
          </reporter-output>
        </test-method> <!-- ASCIIToCharTest -->
        <test-method status="PASS" signature="ASCIIToCharTest(char, int)[pri:0, instance:com.mkyong.testng.examples.parameter.CharUtilsTest@19a8c41]" name="ASCIIToCharTest" duration-ms="0" started-at="2014-08-26T14:35:44Z" data-provider="ValidDataProvider" finished-at="2014-08-26T14:35:44Z">
          <params>
            <param index="0">
              <value>
                <![CDATA[1]]>
              </value>
            </param>
            <param index="1">
              <value>
                <![CDATA[49]]>
              </value>
            </param>
          </params>
          <reporter-output>
          </reporter-output>
        </test-method> <!-- ASCIIToCharTest -->
        <test-method status="PASS" signature="ASCIIToCharTest(char, int)[pri:0, instance:com.mkyong.testng.examples.parameter.CharUtilsTest@19a8c41]" name="ASCIIToCharTest" duration-ms="4" started-at="2014-08-26T14:35:44Z" data-provider="ValidDataProvider" finished-at="2014-08-26T14:35:44Z">
          <params>
            <param index="0">
              <value>
                <![CDATA[9]]>
              </value>
            </param>
            <param index="1">
              <value>
                <![CDATA[57]]>
              </value>
            </param>
          </params>
          <reporter-output>
          </reporter-output>
        </test-method> <!-- ASCIIToCharTest -->
        <test-method status="PASS" signature="CharToASCIITest(char, int)[pri:0, instance:com.mkyong.testng.examples.parameter.CharUtilsTest@19a8c41]" name="CharToASCIITest" duration-ms="0" started-at="2014-08-26T14:35:44Z" data-provider="ValidDataProvider" finished-at="2014-08-26T14:35:44Z">
          <params>
            <param index="0">
              <value>
                <![CDATA[A]]>
              </value>
            </param>
            <param index="1">
              <value>
                <![CDATA[65]]>
              </value>
            </param>
          </params>
          <reporter-output>
          </reporter-output>
        </test-method> <!-- CharToASCIITest -->
        <test-method status="PASS" signature="CharToASCIITest(char, int)[pri:0, instance:com.mkyong.testng.examples.parameter.CharUtilsTest@19a8c41]" name="CharToASCIITest" duration-ms="2" started-at="2014-08-26T14:35:44Z" data-provider="ValidDataProvider" finished-at="2014-08-26T14:35:44Z">
          <params>
            <param index="0">
              <value>
                <![CDATA[a]]>
              </value>
            </param>
            <param index="1">
              <value>
                <![CDATA[97]]>
              </value>
            </param>
          </params>
          <reporter-output>
          </reporter-output>
        </test-method> <!-- CharToASCIITest -->
        <test-method status="PASS" signature="CharToASCIITest(char, int)[pri:0, instance:com.mkyong.testng.examples.parameter.CharUtilsTest@19a8c41]" name="CharToASCIITest" duration-ms="1" started-at="2014-08-26T14:35:44Z" data-provider="ValidDataProvider" finished-at="2014-08-26T14:35:44Z">
          <params>
            <param index="0">
              <value>
                <![CDATA[B]]>
              </value>
            </param>
            <param index="1">
              <value>
                <![CDATA[66]]>
              </value>
            </param>
          </params>
          <reporter-output>
          </reporter-output>
        </test-method> <!-- CharToASCIITest -->
        <test-method status="PASS" signature="CharToASCIITest(char, int)[pri:0, instance:com.mkyong.testng.examples.parameter.CharUtilsTest@19a8c41]" name="CharToASCIITest" duration-ms="1" started-at="2014-08-26T14:35:44Z" data-provider="ValidDataProvider" finished-at="2014-08-26T14:35:44Z">
          <params>
            <param index="0">
              <value>
                <![CDATA[b]]>
              </value>
            </param>
            <param index="1">
              <value>
                <![CDATA[98]]>
              </value>
            </param>
          </params>
          <reporter-output>
          </reporter-output>
        </test-method> <!-- CharToASCIITest -->
        <test-method status="PASS" signature="CharToASCIITest(char, int)[pri:0, instance:com.mkyong.testng.examples.parameter.CharUtilsTest@19a8c41]" name="CharToASCIITest" duration-ms="1" started-at="2014-08-26T14:35:44Z" data-provider="ValidDataProvider" finished-at="2014-08-26T14:35:44Z">
          <params>
            <param index="0">
              <value>
                <![CDATA[c]]>
              </value>
            </param>
            <param index="1">
              <value>
                <![CDATA[99]]>
              </value>
            </param>
          </params>
          <reporter-output>
          </reporter-output>
        </test-method> <!-- CharToASCIITest -->
        <test-method status="PASS" signature="CharToASCIITest(char, int)[pri:0, instance:com.mkyong.testng.examples.parameter.CharUtilsTest@19a8c41]" name="CharToASCIITest" duration-ms="0" started-at="2014-08-26T14:35:44Z" data-provider="ValidDataProvider" finished-at="2014-08-26T14:35:44Z">
          <params>
            <param index="0">
              <value>
                <![CDATA[C]]>
              </value>
            </param>
            <param index="1">
              <value>
                <![CDATA[67]]>
              </value>
            </param>
          </params>
          <reporter-output>
          </reporter-output>
        </test-method> <!-- CharToASCIITest -->
        <test-method status="PASS" signature="CharToASCIITest(char, int)[pri:0, instance:com.mkyong.testng.examples.parameter.CharUtilsTest@19a8c41]" name="CharToASCIITest" duration-ms="1" started-at="2014-08-26T14:35:44Z" data-provider="ValidDataProvider" finished-at="2014-08-26T14:35:44Z">
          <params>
            <param index="0">
              <value>
                <![CDATA[D]]>
              </value>
            </param>
            <param index="1">
              <value>
                <![CDATA[68]]>
              </value>
            </param>
          </params>
          <reporter-output>
          </reporter-output>
        </test-method> <!-- CharToASCIITest -->
        <test-method status="PASS" signature="CharToASCIITest(char, int)[pri:0, instance:com.mkyong.testng.examples.parameter.CharUtilsTest@19a8c41]" name="CharToASCIITest" duration-ms="1" started-at="2014-08-26T14:35:44Z" data-provider="ValidDataProvider" finished-at="2014-08-26T14:35:44Z">
          <params>
            <param index="0">
              <value>
                <![CDATA[d]]>
              </value>
            </param>
            <param index="1">
              <value>
                <![CDATA[100]]>
              </value>
            </param>
          </params>
          <reporter-output>
          </reporter-output>
        </test-method> <!-- CharToASCIITest -->
        <test-method status="PASS" signature="CharToASCIITest(char, int)[pri:0, instance:com.mkyong.testng.examples.parameter.CharUtilsTest@19a8c41]" name="CharToASCIITest" duration-ms="1" started-at="2014-08-26T14:35:44Z" data-provider="ValidDataProvider" finished-at="2014-08-26T14:35:44Z">
          <params>
            <param index="0">
              <value>
                <![CDATA[Z]]>
              </value>
            </param>
            <param index="1">
              <value>
                <![CDATA[90]]>
              </value>
            </param>
          </params>
          <reporter-output>
          </reporter-output>
        </test-method> <!-- CharToASCIITest -->
        <test-method status="PASS" signature="CharToASCIITest(char, int)[pri:0, instance:com.mkyong.testng.examples.parameter.CharUtilsTest@19a8c41]" name="CharToASCIITest" duration-ms="1" started-at="2014-08-26T14:35:44Z" data-provider="ValidDataProvider" finished-at="2014-08-26T14:35:44Z">
          <params>
            <param index="0">
              <value>
                <![CDATA[z]]>
              </value>
            </param>
            <param index="1">
              <value>
                <![CDATA[122]]>
              </value>
            </param>
          </params>
          <reporter-output>
          </reporter-output>
        </test-method> <!-- CharToASCIITest -->
        <test-method status="PASS" signature="CharToASCIITest(char, int)[pri:0, instance:com.mkyong.testng.examples.parameter.CharUtilsTest@19a8c41]" name="CharToASCIITest" duration-ms="2" started-at="2014-08-26T14:35:44Z" data-provider="ValidDataProvider" finished-at="2014-08-26T14:35:44Z">
          <params>
            <param index="0">
              <value>
                <![CDATA[1]]>
              </value>
            </param>
            <param index="1">
              <value>
                <![CDATA[49]]>
              </value>
            </param>
          </params>
          <reporter-output>
          </reporter-output>
        </test-method> <!-- CharToASCIITest -->
        <test-method status="PASS" signature="CharToASCIITest(char, int)[pri:0, instance:com.mkyong.testng.examples.parameter.CharUtilsTest@19a8c41]" name="CharToASCIITest" duration-ms="0" started-at="2014-08-26T14:35:44Z" data-provider="ValidDataProvider" finished-at="2014-08-26T14:35:44Z">
          <params>
            <param index="0">
              <value>
                <![CDATA[9]]>
              </value>
            </param>
            <param index="1">
              <value>
                <![CDATA[57]]>
              </value>
            </param>
          </params>
          <reporter-output>
          </reporter-output>
        </test-method> <!-- CharToASCIITest -->
      </class> <!-- com.mkyong.testng.examples.parameter.CharUtilsTest -->
    </test> <!-- Default test -->
  </suite> <!-- Default suite -->
</testng-results>
